<?xml version="1.0" encoding="UTF-8"?>
<!-- Generated by org.testng.reporters.JUnitReportReporter -->
<testsuite name="project_facebook_usedcases.Facebook_Login" tests="3" time="27.263" ignored="0" failures="0" timestamp="26 Jul 2017 13:00:25 GMT" skipped="0" hostname="CAI-PC" errors="0">
  <testcase name="facebookLaunch" time="9.828" classname="project_facebook_usedcases.Facebook_Login"/>
  <testcase name="LoginFacebook" time="17.434" classname="project_facebook_usedcases.Facebook_Login"/>
  <testcase name="logout" time="0.001" classname="project_facebook_usedcases.Facebook_Login"/>
</testsuite> <!-- project_facebook_usedcases.Facebook_Login -->
